<?xml version="1.0" encoding="UTF-8"?>
<!-- Generated by org.testng.reporters.JUnitReportReporter -->
<testsuite hostname="LAPTOP-V3JCQOS2" name="com.qa.hs.tests.LoginTest" tests="1" failures="0" timestamp="24 Apr 2020 13:19:13 GMT" time="0.855" errors="0">
  <testcase name="LoginTest" time="0.855" classname="com.qa.hs.tests.LoginTest"/>
</testsuite> <!-- com.qa.hs.tests.LoginTest -->
